统一格式(general format)：
日期(date)：
Q: 错误信息，或用词（而非句子）描述的问题
A: 解决方案
Note: optional
Tag: 全部小写字母，空格使用_代替，从小集合到大集合，tag间空格分隔  <all_lowercase>


2020.2.23
Q: #include <ros/ros.h>  fatal error: ros/ros.h: No such file or directory 
A: add include_directories(${catkin_INCLUDE_DIRS}) in CMakeLists.txt
Note: Use default setting in CMakeLists.txt
Tag: <cpp> <ros> <ubuntu> <linux>

2020.3.10
Q: pip install/python in cmd: invalid syntax
A: add path of pip(~/Python/Script) to system variable, not user variable
Tag: <path> <cmd> <python> <install>

2020.3.19
Q: setup.bash    bash: No such file or directory
A: ~/.bashrc, add path for setup.bash in the file
Tag: <setup.bash> <ros> <ubuntu> <linux>

2020.3.22
Q: rosrun rviz rviz 
rviz: Waiting for master Could not contact ROS master at [http://localhost:11311
A: run roscore first
Tag: <rviz> <ros> <ubuntu> <linux>

2020.5.27
Q: makefile:2: *** missing separator.  Stop.
A: add a tab before the command in the makefile file
Tag: <makefile>

Q: 'string' does not name a type
A: 
#include <string>
using std::string;
Tag: <c++> <cpp>

Q: undefined reference to operator new[]
A: use g++ instead of gcc to compile
Tag: <c++> <cpp> <gcc> <g++> <compile>

Q: when use a namespace,
undefined reference to 'main'
collect2: error: ld returned 1 exit status
A: put main() out of the namespace and replace class in the main() with namespace::class
Tag: <main> <namespace> <c++> <cpp>

2020.5.30
Q: use template and subclass at the same time in c++, one of the following errors:
need 'typename' before ... because ... is a dependent scope
invalid use of template-name ... without an argument list
A:
when implement,
template<class V>
typename Class<V>::Subclass Class<V>::func(){ ...
Tag: <template> <subclass> <c++> <cpp>

2020.5.31
Q: put template<class T> definition and implementation in .h and .cpp separately,
when calling in main():
undefined reference to 'Example<int> :: func()'
A: put the definition and implementation in the same file
Note: template doesn't create a class unless specify
Tag: <template> <encapsulation> <c++> <cpp>

2020.6.11
Q: KeyError 1 (Python)
A: You unintentionally call the index before define it.
Tag: <python>

Q: numpy RAM explode #1
A: np.ravel() will blow up your RAM
Tag: <numpy> <RAM> <python>

2020.6.13
Q: use np.ones() as an index array
IndexError: arrays used as indices must be of integer (or boolean) type
A: np.ones(length, dtype = np.int8)
the default ones are floats.
Tag: <numpy> <python>

Q: n-th element  every row  every column  2D np.array  index array
A: np.choose()
or array[np.arange(row_num), index_array]
Tag: <numpy> <python>

2020.6.16
Q：np.max() on np.array  TypeError or AxisError
A: np.maximum()
Tag: <numpy> <python>

2020.6.25
Q: TypeError: unsupported operand type(s) for ...: 'NoneType' and '...'
A: variables in loops should always define before the loops
Tag: <python>

2020.7.1
Q: raise ReadTimeoutError<self._pool, None, "Read timed out.">
A: pip3 --default-timeout=100 install #pkg-name# -i https://pypi.tuna.tsinghua.edu.cn/simple
Tag: <pip> <python> <install>

2020.7.3
Q: super(type, obj): obj must be an instance or subtype of type
A: probabaly a bug related to Jupiter notebook. Restart the kernel.
Tag: <Jupiter notebook> <Colab> <python>

2020.7.4
Q: OSError: [WinError 193] %1 不是有效的 Win32 应用程序
A: happens when try to install amd64 pkg on python-32bits
Tag: <pip> <python> <install>

2020.7.21
Q: 'vector' was not declared in this scope
A: using std::vector;
Tag: <cpp>

2020.8.1
Q: Could not find a package configuration file provided by "roslint"
A: sudo apt-get ros-ROS_VERSION(Ex: melodic)-roslint
Tag: <ros> <ubuntu>

Q: AttributeError: 'module' object has no attribute ‘JointStatePublisher’
$ source /opt/ros/melodic/setup.bash -> problem disappears
$ source /home/ros/devel/setup.bash -> problem shows up again
A: package collision, reboot ros workspace
Tag: <ros>

2020.8.2
Q: Deprecated: xacro tag 'property' w/o 'xacro:' xml namespace prefix (will be forbidden in Noetic)
A: find . -iname "*.xacro" | xargs sed -i 's#<\([/]\?\)\(if\|unless\|include\|arg\|property\|macro\|insert_block\)#<\1xacro:\2#g'
Tag: <xacro> <ros>

2020.8.8
Q: ModuleNotFoundError: No module named 'pip'
OR pip3
Could not install packages due to an EnvironmentError: [WinError 5] 拒绝访问。 when try to upgrade pip
A: python -m ensurepip
python.exe -m pip install --upgrade pip
Tag: <pip> <python>

2020.8.9
Q: for loop + if - list.remove() can't remove all the designated elements
A: iterate in a reversed order, for i in list[::-1]
Tag: <remove> <list> <python>

Q: change composite data type for one instance, all the instances change
A: composite data type in Python is static-default, basic data type are non-static default
Tag: <class> <member> <python>

Q: merge: ... not something we can merge
A: git merge origin/master
Tag: <git>

Q: Updates were rejected because the tip of your current branch is behind
A: git pull origin master
git push
Tag: <git>

2020.8.10
Q: Exception in thread "main" java.lang.UnsupportedClassVersionError
A: add $jdk_path& to PATH and remove $oracle_default_path$
Tag: <java>

2020.8.13
Q: spawn_model: error
A: rosrun gazebo_ros spawn_model -urdf -file seven_dof_arm.urdf -model seven_dof_arm
Tag: <spawn_model> <gazebo_ros> <gazebo> <ros>

Q: stuck at this info
[INFO] [1597249264.062097, 0.000000]: Waiting for service /gazebo/spawn_urdf
A: rosrun gazebo_ros gazebo
Tag: <spawn_model> <gazebo_ros> <gazebo> <ros>

Q: [gazebo-1] process has died [pid xxxxx, exit code 255
A: killall gzserver
killall gzclient
roslaunch gazebo_ros willowgarage_world.launch
Tag: <gazebo_ros> <gazebo> <ros>

2020.8.13
Q: rosrun image_view image_view image:= /rgbd_camera/depth/image_raw
[ WARN] [1597331771.483096069]: couldn't register subscriber on topic []
A: rosrun image_view image_view image:=/rgbd_camera/depth/image_raw
be careful with 'space'
Tag: <image_view> <ros>

2020.8.14
Q: [ERROR] Failed to load joint_state_controller
Controller spawner couldn't find the expected controller_manager ros interface
A: sudo apt-get install ros-$(ros_version)-gazebo-ros-control ros-$(ros_version)-ros-control ros-$(ros_version)-ros-controllers
replace $(ros_version) with your ros version
Tag: <gazebo_ros_control> <ros_control> <gazebo> <ros>

2020.8.15
Q: ui.pushbutton.clicked.connect(object.func), qt windows crash when uses object.function
A: use static function
Tag: <pushbutton> <pyqt> <qt>

2020.8.16
Q: restore file after $git add (give up changes)
A: git checkout -- <filename>
Tag: <git_reset> <git_checkout> <git>

Q: export .psd from procreate on iPad to PC
A: select->share->.psd->copy to Document(an APP)
Tag: <procreate> <export>

Q: qt designer setStyleSheet(image), but image not shown
A: wrong url, url format : url(resource/a.png)
Tag: <setStyleSheet()> <pyqt>

Q: connect(lambda: func(arg)), gui crash when passing in objects
A: in func: using "object" instead of "self.object"
Tag: <connect()> <pyqt>

2020.8.17
Q: when using rosrun, 
RuntimeError: The robot_description parameter is required and not set. 
A: rosrun pkg type _ros_description:=".urdf"
or in launch file <param name="robot_description" textfile="$(find pkgName)/urdf/diff_wheeled_robot.urdf" />
Tag: <parameter> <ros>

2020.8.22
Q: member variable's value doesn't match with value set in constructors
A: you declare another variable with the same name in the constructor.
Tag: <class_member> <cpp>

2020.8.23
Q: at line 134 in /tmp/binarydeb/ros-melodic-tf2-0.6.5/src/buffer_core.cpp
Warning: Invalid argument "/map" passed to canTransform argument target_frame in tf2 frame_ids cannot start with a '/' like:
A: global_costmap_params.yaml and local_costmap_params.yaml, delete "/"
Tag: <mastering_ros_book> <ros>

Q: how to #include third-party cpp package. (Console, No IDE, Windows, MinGW)
A: create CPLUS_INCLUDE_PATH in system parameter, and add the package include folder path to it.
Tag: <opencv> <#include> <windows> <cpp>

2020.8.24
Q: undefined reference to `cv::VideoCapture::VideoCapture()
A: g++ main.cpp -o main `pkg-config --cflags --libs opencv`
Tag: <opencv> <g++> <ubuntu>

Q: segmetation fault(core dump)  when use opencv func in class func
A: forget to return
Tag: <opencv> <cpp>

2020.8.25
Q: git clone speed up
A: git clone xxxx.git -> git clone https://github.com.cnpmjs.org/xxx.git
git remote rm origin
git remote add origin <github URL>
git pull
Tag: <remote> <git>

Q: add readme or license when adding a existing repo
A: git pull –-rebase origin master
   git push origin master
Tag: <inital_commit> <git>

2020.9.1
Q: undefined reference to ‘pthread_create'
A: g++ main.cpp -lpthread

2020.9.2
Q: git branch
fatal: Not a valid object name: 'master'.
A: branch can only be created after commit
Tag: <branch> <git>

Q: out_binary, contours, hierarchy = cv.findContours
ValueError: not enough values to unpack (expected 3, got 2)
A: contours, hierarchy = cv2.findContours
Tag: <findContours()> <opencv>

2020.9.3
Q: TypeError: get() takes no keyword arguments
A: dict.get(1,0) instead of dict.get(1, default = 0)
Tag: <dict> <python>

2020.9.4
Q: a = [1,].extend([2,])
TypeError: 'NoneType' object is not iterable
A: extend() return None
Tag: <extend()> <python>

2020.9.9
Q: error: (-215:Assertion failed) src_depth != CV_16F && src_depth != CV_32S in function 'convertToShow'
A: array.astype(np.uint8)
Tag: <imshow()> <opencv>

Q: imshow(), pic is white but has number
A: float is white, change data type to int: array.astype(np.uint8)
Tag: <imshow()> <opencv>

2020.9.14
Q: Could not get lock /var/lib/dpkg/lock-frontend - open (11: Resource temporarly unavailable)
Unable to acquire the dpkg frontend lock (/var/lib/dpkg/lock-frontend), is an other process using it?
A: sudo rm /var/lib/dpkg/lock-frontend       
sudo rm /var/lib/dpkg/lock
Tag: <apt> <ubuntu>

Q: ERROR:  While executing gem ... (Gem::FilePermissionError)
    You don't have write permissions for the /var/lib/gems/2.5.0 directory.
A: add "sudo"
Tag: <gem>

Q: changes in _config.yml doesn't auto reload
A: it just doesn't. jekyll serve again
Tag: <jekyll>

2020.9.19
Q: ERROR: Could not install packages due to an EnvironmentError
A: pip install --user $pkg-name
Tag: <pip>

Q: AttributeError: module 'cv2.cv2' has no attribute 'TrackerCSRT_create'
A: tracker can only be used by "contri" version of opencv
pip install opencv_contrib_python
Tag: <tracker> <opencv> <pip>

2020.9.25
Q: TypeError: Expected Ptr<cv::UMat> for argument 'mat'
A: frame.astype(np.uint8)
Tag: <numpy.array> <opencv>

2020.10.19
Q: create a file in folder A, open it, and then cut & paste it in folder B. Now edit and save it, a new file will be created in folder A and file in B shall not change.
A: notice this.
Tag: <ubuntu> <cut_paste>

2020.11.9
Q: Resource not found: ROS path [0]=
A: source devel/setup.bash
or sudo  gedit ~/.bashrc
Tag: <roslaunch>

Q: gazebo .world file empty
A: rosrun gazebo_ros gazebo /path/to/.world
Tag: <gazebo> <roslaunch>

2020.11.21
Q: opencv cmake undefined reference
A: 
cmake_minimum_required(VERSION 2.8)
project( DisplayImage )
find_package( OpenCV REQUIRED )
include_directories( ${OpenCV_INCLUDE_DIRS} )
add_executable( DisplayImage DisplayImage.cpp )
target_link_libraries( DisplayImage ${OpenCV_LIBS} )
Tag: <cmake> <opencv>

Q:
[rosrun] Couldn't find executable named XXX.py 
[rosrun] Found the following, but they're either not files,
[rosrun] or not executable:
A: chmod +777 XXX.py
Tag: <rospy> <rosrun> <python>

2020.11.24
Q: Failed to load joint1_position_controller
Exception thrown while initializing controller 'joint1_position_controller'.
Could not find resource 'turret_joint' in 'hardware_interface::PositionJointInterface'.
A: in .yaml file, change 
type: effort_controllers/JointPositionController
to 
position_controllers/JointPositionController
Tag: <gazebo> <control>

2020.12.28
Q: wait_for_service(/gazebo/spawn_urdf_model): failed to contact, will keep trying
A: run gazebo_ros gazebo before spawn_model
Tag: <gazebo>

2021.1.3
Q: pull pull request from remote
A: git fetch origin pull/3188/head:pr3188
where 3188 = <pull_request_id>
Tag: <git> <pull_request>

Q: add to PATH
A: export PATH=<path>:$PATH
Tag: <ubuntu> <env>

2021.1.8
Q: arm-none-eabi-
undefined reference to `_exit'
A: arm-none-eabi-gcc --specs=nosys.specs -o main main.cc
Tag: <arm-none-eabi-> <stm32> <cmake>

2021.1.10
Q: error: expected '(' before 'void' __ASM void xxx
A: change from
/*
__asm void wait()
{ 
   BX lr
}
*/
to 
/*
void wait()
{
    __ASM volatile("BX lr");
}
*/
Tag: <arm> <cmake> <gcc>

Q: Error: selected processor does not support `wfi' in ARM mode
A: For stm32f10x(Cortex M3), the instruction set is different from ARM.
add
/*
-mcpu=cortex-m3 -mthumb -mno-thumb-interwork -mfpu=vfp -msoft-float -mfix-cortex-m3-ldrd
*/
or, in CMake
/*
set(COMMON_FLAGS "-mcpu=cortex-m3 -mthumb -mno-thumb-interwork -mfpu=vfp -msoft-float -mfix-cortex-m3-ldrd")
set(CMAKE_CXX_FLAGS "${COMMON_FLAGS} -std=c++11")
set(CMAKE_C_FLAGS "${COMMON_FLAGS} -std=gnu99")
*/
Tag: <cmake> <stm32f10x>

Q: undefined reference to `_exit'
collect2: error: ld returned 1 exit status
A: add
// -specs=nosys.specs
to COMMON_FLAGS (cmake)
Tag: <cmake> <stm32>

2021.1.21
Q: Git push requires username and password
A: set origin with ssh instead of http
git remote set-url origin git@github.com:username/repo.git
Tag: <git> <github>

2021.4.3
Q: array indexing for matrix 
or IndexError: shape mismatch: indexing arrays could not be broadcast together with shapes (2,) (10,)
A: x.T[np.arange(index_array_len), index_array]
Tag: <python> <numpy> <index>

2021.4.13
Q: OpenSSL SSL_read: Connection was reset, errno 10054
A: git config http.postBuffer 524288000
Tag: <git>

2021.4.19
Q: Unable to acquire the dpkg frontend lock (/var/lib/dpkg/lock-frontend), is another process using it?
A: ps aux | grep -i apt
sudo kill -9 <process id>
Tag: <apt> <ubuntu>

Q: uninstall ros: E: Unable to locate package
A: sudo apt-get remove ros-melodic-*
Tag: <ros> <apt>

Q: Command 'python' not found, did you mean:
A: sudo ln -s /usr/bin/python3 /usr/bin/python
Tag: <python>

2021.4.24
Q: OpenCV, FLANN & ORB
cv2.error: OpenCV(4.4.0) C:\Users\appveyor\AppData\Local\Temp\1\pip-req-build-j8nxabm_\opencv\modules\flann\src\miniflann.cpp:315: error: (-210:Unsupported format or combination of formats) in function 'cv::flann::buildIndex_'
A: descriptor should be float, default output are int
des1 = des1.astype('float32')
des2 = des2.astype('float32')
Tag: <slam> <opencv>

2021.6.15
Q: TypeError: 'numpy.float64' object cannot be interpreted as an integer
A: np.inf and np.nan are float
Tag: <numpy> <python>

2021.7.1
Q: can't open webpage
A: C:\Windows\System32\drivers\etc\hosts
ipaddress.com
Tag: <windows> <DNS> <github>

2021.7.15
Q: git push
fatal: Authentication failed for
A: in the openssh window, username = username (not email), password = personal access token
Tag: <git>

Q: Failed to connect to github.com port 443: Timed out
A: add github to hosts file
cmd: ipconfig /flushdns
Tag: <git> <github>

2021.8.18
Q: favicon not displayed in browser
A: <link rel="shortcut icon" type="image/x-icon" href="favicon.ico">
	no "/" before favicon.ico
Tag: <html>

2021.10.9
Q: install_ad​don('smlin​k.r2021b.w​in64.zip') Undefined function or variable 'install_addon'
A: Need to download the .m file too
Tag: <matlab> <plugin>

2021.10.26
Q: simulink multi-body "has a degenerate mass distribution on its base side"
A: matlab function is dividing by 0
Tag: <simulink> <matlab>

2021.11.7
Q: rosdep install openai_ros
openai_ros: No definition of [python-catkin-pkg] for OS version [focal]
A: ws/src/openai_ros/openai_ros/package.xml
line 14, python-catkin-pkg -> python3-catkin-pkg
Tag: <openai_ros> <ros>

2021.11.17
Q: mujoco_py install fail
A: refer to https://github.com/danielstankw/Robosuite_Installation/blob/main/Linux_install.pdf
and https://github.com/openai/mujoco-py#ubuntu-installtion-troubleshooting
Tag: <mujoco> <ubuntu> <vmplayer>

Q: import-im6.q16: attempt to perform an operation not allowed by the security policy `PS' @ error/constitute.c/IsCoderAuthorized/408.
A: #!/usr/bin/env python3
Tag: <python> <ubuntu>

Q: mj_loadXML error: b'XML parse error at line 0, column 0:\nFailed to open file\n'
A: write the full path instead of "~" when using mujoco_py.load_model_from_path()
Tag: <mujoco_py>

2021.11.28
Q: virtual machine not enough space
A: gparted
right click /dev/sa1 -> resize
Tag: <wmplayer> <disk> 

2021.12.21
Q: make test identify line number
A: export CTEST_OUTPUT_ON_FAILURE=1
Tag: <makefile> <ubuntu>

2022.1.23
Q: FileNotFoundError: [Errno 2] No such file or directory:
A: + WORKING_DIRECTORY ${CMAKE_CURRENT_SOURCE_DIR} in add_custom_command
Tag: <cmake>

Q: make[3]: *** No rule to make target '...', needed by '...'.  Stop.
A: + file(GLOB_RECURSE YAML_FILES ${CMAKE_CURRENT_SOURCE_DIR}/*.yaml)
Tag: <cmake>

2022.1.24
Q: moveit, demo_gazebo.launch, execute:
[ERROR]: Unable to identify any set of controllers that can actuate the specified joints: [ elbow_pitch_joint elbow_roll_joint gripper_roll_joint shoulder_pan_joint shoulder_pitch_joint wrist_pitch_joint wrist_roll_joint ]
A: in ros_controller.yaml
Add the following: 
controller_list:
  - name: arm_controller
    action_ns: follow_joint_trajectory
    type: FollowJointTrajectory
    default: true
    joints:
      - shoulder_pitch_joint
      - elbow_roll_joint
      - elbow_pitch_joint
      - wrist_roll_joint
      - wrist_pitch_joint
      - gripper_roll_joint
see https://answers.ros.org/question/320990/moveit-unable-to-identify-any-set-of-controllers/
Tag: <moveit>
Note: might be not funtional

2022.1.30
Q: git ask username and password everytime
A: git config --global credential.helper store
Tag: <git> <github>

2022.2.11
Q: Bind failed: Address already in use
A: netstat -tulpn
   kill <pid>
Tag: <ubuntu>

2022.2.14
Q: group is not a chain
A: need to define a tree structure, no parallel links
Tag: <moveit>

2022.2.28
Q: ABORTED: No motion plan found. No execution attempted.
A: Set target is out of reach
Tag: <moveit> <python>

2022.3.14
Q: Could not find joint in 'hardware_interface::EffortJointInterface'.
A: Check if moveit setting is the same as xacro transmission setting'
In xacro should also be hardware_interface::EffortJointInterface if moveit is using hardware_interface::EffortJointInterface
https://answers.ros.org/question/285977/could-not-find-resource-in-hardware_interfaceeffortjointinterface/
Tag: <moveit>

2022.5.31
Q: copy and paste from one vim to another
A: :echo has('clipboard')
if the command above returns 0, then
sudo apt-get install vim-gtk
then
"+y to copy
"+p to paste
Tag: <vim>

2022.6.8
Q: Gazebo Ignition froze at launch
GUI requesting list of world names. The server may be busy downloading resources. Please be patient.
A: ps aux | grep gazebo
kill -9 <pid>
Tag: <gazebo> <ignition>

2022.6.13
Q: GridLayout always in first row first column
A: need to specify height and width
Tag: <qml>

2022.9.18
Q: Oracle Virtual Box Ubuntu setup
Kernel Panic
A: Need at least 2 cores to start the setup
Tag: <ubuntu> <oracle_virtual_box>

2022.9.30
Q: Jquery not working
A: <script src="http://ajax.googleapis.com/ajax/libs/jquery/1.7.1/jquery.min.js"></script>
<script>$(document).ready(function(){$("a").attr("href", "http://www.google.com/")});</script>
Make it 2 <script> tags
Tag: <jquery> <html>

2022.10.2
Q: WARN common.c: Invalid flash type, please check device declaration
A: unclear. Cool down, change USB port, and make clean solves the problem
Tag: <stm32>

2023.3.25
Q: Attribute.color doesn't work for shader nodes
A: Use Color Attribute
Note: Color Attribute display the vertex color, can be obtained from sculpting->paint or vertex painting
Can only be seen in solid mode. Can't be seen in material mode.
Tag: <blender>

2023.9.6
Q: set vim tab size
A: 
:set tabstop=4
:set expandtab
Tag: <vim>

2023.9.7
Q: generate core dump file in Ubuntu 20.04
A: /var/lib/apport/coredump/
ulimit -c // see number of core file allowed, as per terminal
ulimit -c unlimited
Tag: <ubuntu>

2023.10.3
Q: Overfull \hbox (18.19638pt too wide) in paragraph at lines
A: Add
\begin{sloppypar}
\end{sloppypar}
at the beginning and the end of the document
Tag: <pdflatex> <windows>
