统一格式(general format)：
日期(date)：
Q: 错误信息，或用词（而非句子）描述的问题
A: 解决方案
Note: optional
Tag: 全部小写字母，空格使用_代替，从小集合到大集合，tag间空格分隔  <all_lowercase>


2020.2.23
Q: #include <ros/ros.h>  fatal error: ros/ros.h: No such file or directory 
A: add include_directories(${catkin_INCLUDE_DIRS}) in CMakeLists.txt
Note: Use default setting in CMakeLists.txt
Tag: <cpp> <ros> <ubuntu> <linux>

2020.3.10
Q: pip install/python in cmd: invalid syntax
A: add path of pip(~/Python/Script) to system variable, not user variable
Tag: <path> <cmd> <python> <install>

2020.3.19
Q: setup.bash    bash: No such file or directory
A: ~/.bashrc, add path for setup.bash in the file
Tag: <setup.bash> <ros> <ubuntu> <linux>

2020.3.22
Q: rosrun rviz rviz 
rviz: Waiting for master Could not contact ROS master at [http://localhost:11311
A: run roscore first
Tag: <rviz> <ros> <ubuntu> <linux>

2020.5.27
Q: makefile:2: *** missing separator.  Stop.
A: add a tab before the command in the makefile file
Tag: <makefile>

Q: 'string' does not name a type
A: 
#include <string>
using std::string;
Tag: <c++> <cpp>

Q: undefined reference to operator new[]
A: use g++ instead of gcc to compile
Tag: <c++> <cpp> <gcc> <g++> <compile>

Q: when use a namespace,
undefined reference to 'main'
collect2: error: ld returned 1 exit status
A: put main() out of the namespace and replace class in the main() with namespace::class
Tag: <main> <namespace> <c++> <cpp>

2020.5.30
Q: use template and subclass at the same time in c++, one of the following errors:
need 'typename' before ... because ... is a dependent scope
invalid use of template-name ... without an argument list
A:
when implement,
template<class V>
typename Class<V>::Subclass Class<V>::func(){ ...
Tag: <template> <subclass> <c++> <cpp>

2020.5.31
Q: put template<class T> definition and implementation in .h and .cpp separately,
when calling in main():
undefined reference to 'Example<int> :: func()'
A: put the definition and implementation in the same file
Note: template doesn't create a class unless specify
Tag: <template> <encapsulation> <c++> <cpp>

2020.6.11
Q: KeyError 1 (Python)
A: You unintentionally call the index before define it.
Tag: <python>

Q: numpy RAM explode #1
A: np.ravel() will blow up your RAM
Tag: <numpy> <RAM> <python>

2020.6.13
Q: use np.ones() as an index array
IndexError: arrays used as indices must be of integer (or boolean) type
A: np.ones(length, dtype = np.int8)
the default ones are floats.
Tag: <numpy> <python>

Q: n-th element  every row  every column  2D np.array  index array
A: np.choose()
or array[np.arange(row_num), index_array]
Tag: <numpy> <python>

2020.6.16
Q：np.max() on np.array  TypeError or AxisError
A: np.maximum()
Tag: <numpy> <python>

2020.6.25
Q: TypeError: unsupported operand type(s) for ...: 'NoneType' and '...'
A: variables in loops should always define before the loops
Tag: <python>

2020.7.1
Q: raise ReadTimeoutError<self._pool, None, "Read timed out.">
A: pip3 --default-timeout=100 install #pkg-name# -i https://pypi.tuna.tsinghua.edu.cn/simple
Tag: <pip> <python> <install>

2020.7.3
Q: super(type, obj): obj must be an instance or subtype of type
A: probabaly a bug related to Jupiter notebook. Restart the kernel.
Tag: <Jupiter notebook> <Colab> <python>

2020.7.4
Q: OSError: [WinError 193] %1 不是有效的 Win32 应用程序
A: happens when try to install amd64 pkg on python-32bits
Tag: <pip> <python> <install>

2020.7.21
Q: 'vector' was not declared in this scope
A: using std::vector;
Tag: <cpp>

2020.8.1
Q: Could not find a package configuration file provided by "roslint"
A: sudo apt-get ros-ROS_VERSION(Ex: melodic)-roslint
Tag: <ros> <ubuntu>

Q: AttributeError: 'module' object has no attribute ‘JointStatePublisher’
$ source /opt/ros/melodic/setup.bash -> problem disappears
$ source /home/ros/devel/setup.bash -> problem shows up again
A: package collision, reboot ros workspace
Tag: <ros>

2020.8.2
Q: Deprecated: xacro tag 'property' w/o 'xacro:' xml namespace prefix (will be forbidden in Noetic)
A: find . -iname "*.xacro" | xargs sed -i 's#<\([/]\?\)\(if\|unless\|include\|arg\|property\|macro\|insert_block\)#<\1xacro:\2#g'
Tag: <xacro> <ros>

2020.8.8
Q: ModuleNotFoundError: No module named 'pip'
OR 
Could not install packages due to an EnvironmentError: [WinError 5] 拒绝访问。 when try to upgrade pip
A: python -m ensurepip
Tag: <pip> <python>

2020.8.9
Q: for loop + if - list.remove() can't remove all the designated elements
A: iterate in a reversed order, for i in list[::-1]
Tag: <remove> <list> <python>

Q: change composite data type for one instance, all the instances change
A: composite data type in Python is static-default, basic data type are non-static default
Tag: <class> <member> <python>

Q: merge: ... not something we can merge
A: git merge origin/master
Tag: <git>

Q: Updates were rejected because the tip of your current branch is behind
A: git pull origin master
git push
Tag: <git>

2020.8.10
Q: Exception in thread "main" java.lang.UnsupportedClassVersionError
A: add $jdk_path& to PATH and remove $oracle_default_path$
Tag: <java>

2020.8.13
Q: spawn_model: error
A: rosrun gazebo_ros spawn_model -urdf -file seven_dof_arm.urdf -model seven_dof_arm
Tag: <spawn_model> <gazebo_ros> <gazebo> <ros>

Q: stuck at this info
[INFO] [1597249264.062097, 0.000000]: Waiting for service /gazebo/spawn_urdf
A: rosrun gazebo_ros gazebo
Tag: <spawn_model> <gazebo_ros> <gazebo> <ros>

Q: [gazebo-1] process has died [pid xxxxx, exit code 255
A: killall gzserver
killall gzclient
roslaunch gazebo_ros willowgarage_world.launch
Tag: <gazebo_ros> <gazebo> <ros>

2020.8.13
Q: rosrun image_view image_view image:= /rgbd_camera/depth/image_raw
[ WARN] [1597331771.483096069]: couldn't register subscriber on topic []
A: rosrun image_view image_view image:=/rgbd_camera/depth/image_raw
be careful with 'space'
Tag: <image_view> <ros>

2020.8.14
Q: [ERROR] Failed to load joint_state_controller
Controller spawner couldn't find the expected controller_manager ros interface
A: sudo apt-get install ros-$(ros_version)-gazebo-ros-control ros-$(ros_version)-ros-control ros-$(ros_version)-ros-controllers
replace $(ros_version) with your ros version
Tag: <gazebo_ros_control> <ros_control> <gazebo> <ros>

2020.8.15
Q: ui.pushbutton.clicked.connect(object.func), qt windows crash when uses object.function
A: use static function
Tag: <pushbutton> <pyqt> <qt>

2020.8.16
Q: restore file after $git add (give up changes)
A: git checkout -- <filename>
Tag: <git_reset> <git_checkout> <git>

Q: export .psd from procreate on iPad to PC
A: select->share->.psd->copy to Document(an APP)
Tag: <procreate> <export>

Q: qt designer setStyleSheet(image), but image not shown
A: wrong url, url format : url(resource/a.png)
Tag: <setStyleSheet()> <pyqt>

Q: connect(lambda: func(arg)), gui crash when passing in objects
A: in func: using "object" instead of "self.object"
Tag: <connect()> <pyqt>